412
25709 597
91184 1011
7544 1148
84112 1328
16608 2065
16311 2130
23641 2187
14600 2572
27805 2743
81118 2942
5098 3172
94256 3995
83936 4622
27871 5157
59649 5184
4055 5320
19503 5504
68498 5574
5536 5740
88807 6076
99656 6380
78956 6649
43918 6746
49694 6973
58676 7719
8046 7815
4365 8016
92794 8374
22413 9061
97873 9154
63789 9190
58991 9344
48678 9815
45457 10274
41011 11189
37161 11926
54465 12069
96495 12290
74396 12514
50784 12567
9800 12948
23535 13185
43727 14261
46210 14598
85688 15010
70422 16418
50512 16594
7537 16707
20713 16981
1671 17344
80680 18003
99823 18298
8705 18397
1787 18423
76171 18684
41946 18819
79893 19282
11925 19508
39970 19884
98432 19932
94741 20138
2072 20406
16590 21054
20331 21061
90718 21103
703 21575
18510 21979
23118 22102
56489 22645
6729 22654
22167 22930
47040 23652
36074 24395
94482 24443
95641 24953
29121 25441
94547 25544
53466 25893
1994 26599
95902 26937
11293 26972
95008 27614
89536 27879
97311 27923
6734 28294
55894 28738
82178 28899
51668 28902
91326 29192
85408 29378
13017 29550
13883 29872
86998 29889
45228 29987
34373 29988
8585 30117
52056 30207
2042 30702
40361 31248
68209 31266
93703 31548
37675 31592
74310 31781
30876 31932
88170 32000
38677 32439
63683 33474
44927 33534
7434 34016
84252 34183
99099 34410
40912 34602
24409 34693
25800 34908
45199 35593
93182 35785
44563 35926
29158 36175
8964 36192
53496 36310
39880 36447
23628 36608
15923 37807
89518 38083
94891 39268
26612 39286
83850 39419
89705 40339
43458 40820
70108 40938
62085 41681
54519 41921
30813 42630
93726 43031
24685 43100
82591 43131
29962 43409
81367 44100
74645 44533
98784 44900
33797 45418
38457 45740
53109 45956
47865 46184
17080 46284
44178 46660
49499 46714
71963 46728
90579 47038
50658 47077
97928 47199
3257 47254
16482 47487
45183 47941
20199 48010
36240 48760
50556 49084
72996 49500
75751 49612
14448 50472
24273 50518
38512 51023
78580 51129
76364 51466
78516 51696
42688 52023
80008 52750
82419 52884
82079 52924
96697 52961
21401 53495
95410 53501
80339 53781
92175 55024
59695 56041
78061 56214
57490 56882
22170 57206
79472 57970
1807 57986
65482 58502
5811 58538
15930 58731
35871 59051
4396 59456
34342 59480
98247 59620
22121 59932
92661 59969
85099 60328
86209 60436
62654 60971
51011 61197
63007 61248
65114 61355
8148 61520
35221 61876
87505 62035
95748 62159
36066 62276
7233 62373
807 62642
78985 62683
7087 63492
4037 63919
74244 64012
56674 65413
58670 65493
36219 65644
83247 65735
73800 66103
59439 66391
39129 66437
61767 66569
60654 67193
71828 67778
14637 68022
95181 68567
84369 69162
77519 69850
25555 69946
56761 70028
60456 70535
67154 71137
83331 71545
43549 71607
33818 72327
51569 72467
84484 72472
51801 72757
72325 73069
9140 73171
35883 73263
86918 73416
97126 73702
46090 73838
84107 74534
90830 74978
87580 75478
51564 76026
68374 76776
31831 77620
42508 77676
9570 77814
70302 77843
71570 78168
94061 78560
22865 79551
42095 80001
57954 80298
14038 80729
97034 80761
13387 81243
50531 81750
524 81950
63310 82192
19155 82769
67354 82790
92004 83058
35381 83178
74828 83438
27394 83489
36404 84142
78851 84245
43287 84306
15823 84462
73813 85252
56477 85650
96487 85933
94738 86274
32177 86405
65150 86598
3196 86633
29799 87242
23271 87445
90779 88213
6704 88546
78758 88548
9693 88550
11805 88999
77264 89320
87612 89413
44685 89977
7933 90027
68329 90242
21506 90257
23319 90366
20373 90491
10991 90724
41020 91021
32314 91569
35431 91901
64493 92017
44031 92125
37188 93174
90213 93384
77452 93599
79717 93898
23915 95605
45543 95757
60771 96457
27377 96629
54803 96686
51788 96811
47339 96994
97371 97302
5898 97985
77901 98369
5268 98509
59617 98621
89077 98642
61380 99029
98505 99334
37707 99861
97258 1164
36362 58616
55928 71646
13831 36794
50385 97150
92353 33945
4496 16323
72351 31075
69363 3276
52964 52950
32227 53041
88171 40159
75206 13806
80562 73678
47646 96987
75534 18409
39812 86111
36213 88764
56422 44568
53647 79210
18934 85203
66055 50572
78522 88289
65636 65076
39018 99613
639 91559
57382 82464
32499 80470
62834 49924
70003 45835
47006 17845
12892 73881
84981 53277
55679 66255
21755 88528
7576 92117
26377 20166
26697 88105
39435 17490
55906 47059
34938 11964
8952 35252
59096 91360
72556 75528
26114 41122
83318 46837
65255 81440
31403 28760
93266 15941
68934 81307
79381 36347
58618 4264
87865 52231
21266 45034
1701 55310
92131 10140
34095 91670
88009 79595
64331 63986
86575 92550
19271 35490
18025 95160
36438 1280
38702 36279
44637 79818
71599 5838
49147 43365
236 4069
3007 1806
61931 14482
73716 23924
2718 24961
26554 45986
59751 87684
74068 39134
69771 5091
50727 48564
71022 95713
16410 96019
81837 59941
50080 42180
90308 53872
18543 60939
1709 51905
86072 33084
9075 31444
64708 3444
11230 7780
35546 85741
45097 66461
74512 18468
4767 47802
37668 40238
35667 36571
49555 9132
62413 49134
77613 70253
49690 30534
