93
86673 3226
2586 61623
19574 28900
39194 7392
90589 89907
19792 19094
45274 67732
84753 47643
906 91901
15911 66478
6961 50087
22437 68907
7809 86532
91110 48730
43446 83566
29822 58664
91362 64120
89803 27161
38341 66116
77706 92749
58374 27837
75943 11220
16889 64608
10977 79600
39865 7699
48031 51112
75254 27558
76180 69418
59261 62572
65405 62030
94720 85779
5412 95803
54176 85260
45151 64568
30835 55043
68996 39948
12996 81693
64355 41999
35435 47963
60166 1622
47689 68413
67528 91942
2292 79264
51027 75810
26301 60506
12117 20015
75285 79631
42732 39391
97359 90124
31733 52815
33948 79043
95274 31397
47293 34878
83613 81573
53070 78391
29746 96547
22975 7313
18007 50865
10633 57688
36340 7136
14599 38493
84665 22706
96870 28180
56866 91292
53703 95741
82397 22713
59720 39305
50914 14354
21483 75602
23969 57981
73139 14091
84166 34597
78323 5559
51957 62615
85149 67976
18286 68379
32902 65238
35349 68804
34585 4072
26210 17081
5536 84073
71527 89584
62430 4245
50787 6605
51384 37788
77201 4857
10857 93099
53679 95038
52240 74689
54863 89375
93870 19177
30331 86945
79775 12503
