315
10328 221
8646 529
91886 551
62195 1178
65247 1734
17600 2085
55242 2795
17240 3077
11266 3512
47205 3634
41711 4011
91610 4053
31642 4392
15997 4602
73247 4614
45446 4750
11420 4776
75376 5200
13111 5440
27595 5812
19934 5983
30460 6110
34420 6209
94738 6756
85827 6891
98555 7289
39256 7605
22787 7900
65435 8105
61485 8226
64534 8761
61539 8763
54919 10439
50212 10589
8686 10607
3601 10644
82278 11238
3020 11838
26006 12227
78765 12299
49756 12514
25939 13220
98504 13376
89905 13758
51987 14070
75451 14118
22935 14287
45800 14294
66635 14298
80363 15532
71819 16167
8339 16185
67684 16610
98258 16630
24938 16988
81803 17216
90574 17392
72845 17427
61280 18082
34422 18593
77571 18649
36723 19143
47528 19314
26752 19503
80981 19528
33217 20109
8267 20192
28214 20198
79345 20215
25638 20332
27835 20343
67585 20350
14550 20499
3387 20679
49181 21166
8536 21276
38198 22280
13595 22377
22796 22688
15729 23174
24225 23562
89634 24233
70580 24369
27221 25080
81742 25461
4631 25479
73496 25654
55704 26309
64451 26378
13624 26537
83919 26824
36727 27425
47672 28285
67765 28463
2193 28526
62271 28769
55717 28878
92985 29410
24216 29513
77175 29620
78520 30948
11461 31066
66593 31227
6613 31421
95816 32072
85377 32210
79035 32795
59954 33371
42712 33707
24139 33879
96140 34450
52320 34460
66891 34710
50619 35093
23023 35351
61939 35550
72441 35842
99500 35843
2412 36210
19037 36486
51032 36520
19212 37039
39477 37292
57198 37478
38248 37635
20632 37729
22088 37895
8538 37971
11854 38613
79656 39173
25417 39457
12646 39527
12951 39681
84045 39787
65947 40083
62795 40174
60625 40615
78934 40727
55629 41028
88699 41388
50916 41462
81558 41504
36479 41988
90941 41999
72739 42578
24985 45391
27673 45543
53631 45593
13787 45921
36107 47280
22028 47811
4689 47883
40224 47945
32366 48281
59617 48501
89406 48973
89666 49207
41154 49618
85957 50028
69529 50220
74062 50362
98353 50441
7281 50537
53679 50954
67099 51036
42293 51641
43263 51697
67740 52072
19645 52084
71562 52142
53461 52222
62957 52928
32430 53055
86807 53432
36117 53557
9366 53984
64319 54008
98452 54208
52471 54962
14128 54988
47908 55081
31560 55299
657 55603
4945 55746
83445 56156
86612 56404
34942 56570
44875 56613
2456 56827
64669 56987
65307 57235
7736 58868
12308 58872
75427 59454
55152 59463
83877 59572
43001 59928
50377 60336
34573 60692
15237 61419
59353 61483
63125 61827
46884 62030
66736 62876
39237 62895
73771 63035
66565 63586
50964 63889
43430 64606
62972 65029
51144 65049
60003 65585
89691 65870
6818 66747
77260 66907
73947 67819
14457 67839
37933 68018
28151 68022
10207 68043
39172 69452
39815 69689
86708 69707
76966 70009
47449 70124
64820 70262
2845 70491
36587 70796
573 71089
96855 71252
9997 71254
23502 71558
42997 72238
49429 72717
14001 73381
92859 73966
19351 74268
31932 74872
98564 75000
8516 75048
63697 75152
22131 75320
17835 75828
85227 76216
54877 76645
77303 76719
44511 77134
11793 77470
52590 77751
15924 79633
34740 79764
9329 79775
34520 80119
66615 80438
44499 80525
90290 81844
95758 81850
34093 82064
14978 82280
82240 82406
82970 83068
98936 83380
38356 83454
98371 83471
17368 83540
63812 83684
19487 83867
5156 84143
1739 84423
13373 85163
28697 85282
38069 85448
54200 85793
52957 86166
16912 86250
64814 86291
87102 86507
89400 86696
3979 86806
4476 87166
54840 87204
70749 87319
61397 88091
56390 88533
18396 89025
90072 89414
93092 90232
76636 90512
47219 90947
33212 91184
4224 91306
53528 92121
45471 92223
96967 92517
99534 93005
85513 93053
89923 93771
85404 93889
6474 93963
91060 93993
7443 94501
36352 94958
35687 96675
88785 98074
2900 98396
37075 98815
87886 98831
42538 99237
24798 99478
58694 99504
79496 99656
87603 99677
58108 99689
58884 99785
82133 483
