315
740 63082
70472 28663
95488 43920
82030 34926
98336 66154
41267 56760
7145 54735
19075 22080
95947 33551
39621 58989
38855 74642
62918 51085
53401 3361
55494 2786
24871 25031
25539 5940
30281 56850
12000 42824
92906 91448
94118 76665
21977 93530
96897 87704
50443 21018
48749 58973
99913 62061
29932 52473
94288 19184
80593 45457
98161 7016
11904 49375
12008 92022
84090 59243
59132 48475
29065 56755
98705 32324
52834 74696
72298 90612
60795 82663
39021 45485
85871 88569
15747 16835
99731 41879
41388 1075
33644 83279
53966 531
34371 14055
27392 6310
89830 74579
76058 18061
59589 58827
61552 35219
80049 57813
1746 64912
75574 47259
23220 97523
81604 39579
84446 70802
66410 96199
71347 23640
90646 57826
34408 91757
37249 2023
89895 9338
69393 48954
5788 48698
41469 25295
59445 40328
87948 20564
98313 52465
7501 25577
29971 39311
43849 91793
2217 6094
76219 31363
76712 81215
81312 99724
93478 98384
2195 74804
17444 79969
30621 47102
97021 83646
13309 11103
97761 45647
58517 16054
84274 50135
88630 96675
23529 14880
34187 35772
62764 45748
66081 87518
51631 19262
42466 35093
32748 86503
17804 19177
15862 18751
19440 19576
97063 63312
83112 23735
20402 55163
78925 58992
71952 70934
31623 55134
10234 78557
19829 71080
18933 90520
81395 31855
87466 52397
4292 94049
37440 86027
29106 12335
19981 7643
76364 64675
74839 74446
55814 78623
40960 1460
70618 18559
92523 96215
58159 32849
58626 58295
22466 3115
33065 84291
57509 53251
43477 79588
26960 32828
31226 77342
70063 97927
10988 37077
50583 36926
8739 8952
76193 74657
22096 41145
41537 60282
18212 58281
15238 99019
8460 58994
27076 14271
27685 6401
30326 68592
13992 75872
50129 58221
44141 30487
10089 65143
10726 72895
23417 36583
85051 95070
20441 17905
42713 28954
72259 39287
27492 28774
39889 41812
40367 72236
33804 48137
25063 97662
60304 52494
8501 70908
211 71139
6728 81648
64528 64338
52175 68396
62046 11396
17253 19105
44100 8323
49960 32435
11038 4569
77094 28620
3570 14783
57742 9724
56607 66865
54093 26936
18337 92225
91898 6788
95178 15604
35456 97597
88534 18816
72 81810
12405 37188
19194 69191
20346 7183
19565 86029
81026 61458
50819 48799
78102 35144
77228 50885
4748 3255
17058 16649
7423 29627
21719 62027
31589 64573
48120 83024
42020 12501
35380 27974
10984 26998
14707 606
4160 73811
13931 800
32765 49079
80932 70777
33626 1799
93005 74973
1845 84631
87642 95073
34672 17000
21224 57284
41992 37680
2833 18457
45507 8770
85239 25156
14918 62868
55664 65482
57288 86062
96757 18012
316 24366
89649 44176
92321 23277
90388 14996
88056 99577
99934 24363
28261 66119
20748 20101
31809 47267
74179 27126
83184 21145
49385 55061
97483 37848
25729 32787
94002 85973
25146 64080
19017 12505
63591 135
68068 30247
57920 99000
63688 6745
63061 89436
67739 74288
97168 65459
49026 67588
72525 21398
12002 29835
79587 26606
42774 40227
57080 7980
48706 22222
54972 32198
14788 46958
67989 62071
95878 99013
28275 56152
1429 5232
29177 1400
12810 15144
88012 41061
36235 71243
3148 96552
18548 81693
50401 87358
34205 27324
85135 10860
12774 92644
65394 35237
16274 19899
5352 29633
45006 98303
64954 90248
87701 48099
96855 52045
79585 13131
74375 89911
1958 33407
72886 27513
42114 23608
19958 85796
648 89970
26791 1711
48164 48407
65196 10333
65791 10430
16875 70583
68450 99251
12435 54656
76734 47958
50291 56277
35096 27174
43042 36162
49314 41815
96245 32077
92558 80256
62877 72664
67572 85132
36276 75554
47520 22038
21817 60715
21241 20899
24026 51316
87766 35987
84199 56827
10352 73348
11086 78400
52079 63444
11187 78735
40893 84521
57809 29844
93549 29014
79461 30829
85280 88076
75199 3299
12850 87649
29472 82446
22873 12680
80155 43868
55226 72696
83988 46915
78165 42109
12144 71052
94420 82238
61577 25693
